<?xml version="1.0" encoding="UTF-8"?>
<!-- Generated by org.testng.reporters.JUnitReportReporter -->
<testsuite skipped="0" hostname="Narendras-MacBook-Pro.local" name="com.tests.VerifyEBayTest" tests="4" failures="0" timestamp="17 Jul 2018 01:51:08 GMT" time="77.340" errors="0">
  <testcase name="testLoginToEBay" time="28.850" classname="com.tests.VerifyEBayTest"/>
  <testcase name="searchTV" time="23.285" classname="com.tests.VerifyEBayTest"/>
  <testcase name="getTV" time="15.555" classname="com.tests.VerifyEBayTest"/>
  <testcase name="verifyTVSelected" time="9.650" classname="com.tests.VerifyEBayTest"/>
</testsuite> <!-- com.tests.VerifyEBayTest -->
