<?xml version="1.0" encoding="UTF-8"?>
<!-- Generated by org.testng.reporters.JUnitReportReporter -->
<testsuite skipped="0" hostname="192-168-1-8.tpgi.com.au" name="com.tests.VerifyEBayTest" tests="7" failures="0" timestamp="02 Aug 2018 11:38:07 GMT" time="113.691" errors="0">
  <testcase name="testLoginToEBay" time="44.977" classname="com.tests.VerifyEBayTest"/>
  <testcase name="testSearchTV65" time="9.974" classname="com.tests.VerifyEBayTest"/>
  <testcase name="testGetTV65" time="10.002" classname="com.tests.VerifyEBayTest"/>
  <testcase name="testVerifyTVSelected65" time="11.266" classname="com.tests.VerifyEBayTest"/>
  <testcase name="testSearchTV55" time="15.728" classname="com.tests.VerifyEBayTest"/>
  <testcase name="testGetTV55" time="19.738" classname="com.tests.VerifyEBayTest"/>
  <testcase name="testVerifyTVSelected55" time="2.006" classname="com.tests.VerifyEBayTest"/>
</testsuite> <!-- com.tests.VerifyEBayTest -->
