<?xml version="1.0" encoding="UTF-8"?>
<!-- Generated by org.testng.reporters.JUnitReportReporter -->
<testsuite skipped="0" hostname="192-168-1-8.tpgi.com.au" name="com.tests.VerifyEBayTest" tests="4" failures="0" timestamp="16 Jul 2018 15:30:18 GMT" time="73.335" errors="0">
  <testcase name="testLoginToEBay" time="27.728" classname="com.tests.VerifyEBayTest"/>
  <testcase name="searchTV" time="22.888" classname="com.tests.VerifyEBayTest"/>
  <testcase name="getTV" time="13.105" classname="com.tests.VerifyEBayTest"/>
  <testcase name="verifyTVSelected" time="9.614" classname="com.tests.VerifyEBayTest"/>
</testsuite> <!-- com.tests.VerifyEBayTest -->
