<?xml version="1.0" encoding="UTF-8"?>
<!-- Generated by org.testng.reporters.JUnitReportReporter -->
<testsuite skipped="0" hostname="Narendras-MBP" name="com.tests.VerifyEBayTest" tests="7" failures="0" timestamp="26 Jul 2018 07:33:45 GMT" time="122.015" errors="0">
  <testcase name="testLoginToEBay" time="32.535" classname="com.tests.VerifyEBayTest"/>
  <testcase name="testSearchTV1" time="12.162" classname="com.tests.VerifyEBayTest"/>
  <testcase name="testGetTV1" time="8.564" classname="com.tests.VerifyEBayTest"/>
  <testcase name="testVerifyTVSelected1" time="9.172" classname="com.tests.VerifyEBayTest"/>
  <testcase name="testSearchTV2" time="28.069" classname="com.tests.VerifyEBayTest"/>
  <testcase name="testGetTV2" time="27.172" classname="com.tests.VerifyEBayTest"/>
  <testcase name="testVerifyTVSelected2" time="4.341" classname="com.tests.VerifyEBayTest"/>
</testsuite> <!-- com.tests.VerifyEBayTest -->
