<?xml version="1.0" encoding="UTF-8"?>
<!-- Generated by org.testng.reporters.JUnitReportReporter -->
<testsuite skipped="0" hostname="192-168-1-8.tpgi.com.au" name="com.tests.VerifyEBayTest" tests="7" failures="0" timestamp="01 Aug 2018 13:15:28 GMT" time="139.841" errors="0">
  <testcase name="testLoginToEBay" time="52.602" classname="com.tests.VerifyEBayTest"/>
  <testcase name="testSearchTV65" time="10.969" classname="com.tests.VerifyEBayTest"/>
  <testcase name="testGetTV65" time="9.906" classname="com.tests.VerifyEBayTest"/>
  <testcase name="testVerifyTVSelected65" time="19.110" classname="com.tests.VerifyEBayTest"/>
  <testcase name="testSearchTV55" time="15.879" classname="com.tests.VerifyEBayTest"/>
  <testcase name="testGetTV55" time="27.869" classname="com.tests.VerifyEBayTest"/>
  <testcase name="testVerifyTVSelected55" time="3.506" classname="com.tests.VerifyEBayTest"/>
</testsuite> <!-- com.tests.VerifyEBayTest -->
