<?xml version="1.0" encoding="UTF-8"?>
<!-- Generated by org.testng.reporters.JUnitReportReporter -->
<testsuite skipped="0" hostname="Narendras-MBP" name="com.tests.VerifyEBayTest" tests="7" failures="0" timestamp="07 Aug 2018 04:20:12 GMT" time="133.290" errors="0">
  <testcase name="testLoginToEBay" time="27.858" classname="com.tests.VerifyEBayTest"/>
  <testcase name="testSearchTV65" time="9.616" classname="com.tests.VerifyEBayTest"/>
  <testcase name="testGetTV65" time="20.991" classname="com.tests.VerifyEBayTest"/>
  <testcase name="testVerifyTVSelected65" time="19.377" classname="com.tests.VerifyEBayTest"/>
  <testcase name="testSearchTV55" time="24.851" classname="com.tests.VerifyEBayTest"/>
  <testcase name="testGetTV55" time="19.048" classname="com.tests.VerifyEBayTest"/>
  <testcase name="testVerifyTVSelected55" time="11.549" classname="com.tests.VerifyEBayTest"/>
</testsuite> <!-- com.tests.VerifyEBayTest -->
